<?xml version="1.0" encoding="UTF-8"?>
<!-- Generated by org.testng.reporters.JUnitReportReporter -->
<testsuite hostname="DESKTOP-AEJ8UDH" failures="0" tests="3" name="runner.RunCucumberTests" time="52.923" errors="0" timestamp="2024-11-22T12:39:02 IST" skipped="0">
  <testcase classname="runner.RunCucumberTests" name="runScenario" time="17.526"/>
  <testcase classname="runner.RunCucumberTests" name="runScenario" time="4.814"/>
  <testcase classname="runner.RunCucumberTests" name="runScenario" time="30.583"/>
</testsuite> <!-- runner.RunCucumberTests -->
